<?xml version="1.0" encoding="UTF-8"?>
<robot generator="Robot 6.0.2 (Python 3.10.6 on linux)" generated="20230505 13:20:28.356" rpa="false" schemaversion="3">
<suite id="s1" name="Bdd" source="/home/plinio/Documentos/IREDE/Estudos/Robot Framework/BDD/bdd.robot">
<test id="s1-t1" name="Scenario 1: Play video on youtube website" line="39">
<kw name="Given that I access the youtube website">
<kw name="Open Browser" library="SeleniumLibrary">
<arg>${URL}</arg>
<arg>${Browser}</arg>
<doc>Opens a new browser instance to the optional ``url``.</doc>
<msg timestamp="20230505 13:20:28.441" level="INFO">Opening browser 'chrome' to base url 'https://www.youtube.com/'.</msg>
<status status="PASS" starttime="20230505 13:20:28.441" endtime="20230505 13:20:32.610"/>
</kw>
<status status="PASS" starttime="20230505 13:20:28.441" endtime="20230505 13:20:32.610"/>
</kw>
<kw name="When i type the name of the sonclick on the first option in the listg">
<kw name="Input Text" library="SeleniumLibrary">
<arg>${Input_Search}</arg>
<arg>${SongName}</arg>
<doc>Types the given ``text`` into the text field identified by ``locator``.</doc>
<msg timestamp="20230505 13:20:32.611" level="INFO">Typing text 'Soad B.Y.O.B' into text field '//input[@id="search"]'.</msg>
<status status="PASS" starttime="20230505 13:20:32.610" endtime="20230505 13:20:32.922"/>
</kw>
<status status="PASS" starttime="20230505 13:20:32.610" endtime="20230505 13:20:32.922"/>
</kw>
<kw name="And click on the search button">
<kw name="Click Element" library="SeleniumLibrary">
<arg>${Button_Search}</arg>
<doc>Click the element identified by ``locator``.</doc>
<msg timestamp="20230505 13:20:32.923" level="INFO">Clicking element '//button[@id="search-icon-legacy"]'.</msg>
<status status="PASS" starttime="20230505 13:20:32.922" endtime="20230505 13:20:33.345"/>
</kw>
<status status="PASS" starttime="20230505 13:20:32.922" endtime="20230505 13:20:33.345"/>
</kw>
<kw name="And click on the first option in the list">
<kw name="Wait Until Element Is Visible" library="SeleniumLibrary">
<arg>${First}</arg>
<arg>10</arg>
<doc>Waits until the element ``locator`` is visible.</doc>
<status status="PASS" starttime="20230505 13:20:33.346" endtime="20230505 13:20:34.219"/>
</kw>
<kw name="Click Element" library="SeleniumLibrary">
<arg>${First}</arg>
<doc>Click the element identified by ``locator``.</doc>
<msg timestamp="20230505 13:20:34.220" level="INFO">Clicking element '(//yt-formatted-string[@class="style-scope ytd-video-renderer"])[1]'.</msg>
<status status="PASS" starttime="20230505 13:20:34.219" endtime="20230505 13:20:34.479"/>
</kw>
<status status="PASS" starttime="20230505 13:20:33.345" endtime="20230505 13:20:34.479"/>
</kw>
<kw name="Then the video is played">
<kw name="Wait Until Element Is Visible" library="SeleniumLibrary">
<arg>${Test}</arg>
<arg>10</arg>
<doc>Waits until the element ``locator`` is visible.</doc>
<status status="PASS" starttime="20230505 13:20:34.479" endtime="20230505 13:20:35.707"/>
</kw>
<kw name="Element Should Be Visible" library="SeleniumLibrary">
<arg>${Test}</arg>
<doc>Verifies that the element identified by ``locator`` is visible.</doc>
<msg timestamp="20230505 13:20:35.817" level="INFO">Element '(//yt-formatted-string[@class="style-scope ytd-watch-metadata"])[1]' is displayed.</msg>
<status status="PASS" starttime="20230505 13:20:35.707" endtime="20230505 13:20:35.817"/>
</kw>
<kw name="Sleep" library="BuiltIn">
<arg>10s</arg>
<doc>Pauses the test executed for the given time.</doc>
<msg timestamp="20230505 13:20:45.818" level="INFO">Slept 10 seconds</msg>
<status status="PASS" starttime="20230505 13:20:35.817" endtime="20230505 13:20:45.818"/>
</kw>
<kw name="Close Browser" library="SeleniumLibrary">
<doc>Closes the current browser.</doc>
<status status="PASS" starttime="20230505 13:20:45.818" endtime="20230505 13:20:45.882"/>
</kw>
<status status="PASS" starttime="20230505 13:20:34.479" endtime="20230505 13:20:45.882"/>
</kw>
<status status="PASS" starttime="20230505 13:20:28.440" endtime="20230505 13:20:45.883"/>
</test>
<status status="PASS" starttime="20230505 13:20:28.357" endtime="20230505 13:20:45.883"/>
</suite>
<statistics>
<total>
<stat pass="1" fail="0" skip="0">All Tests</stat>
</total>
<tag>
</tag>
<suite>
<stat pass="1" fail="0" skip="0" id="s1" name="Bdd">Bdd</stat>
</suite>
</statistics>
<errors>
</errors>
</robot>
