<?xml version="1.0" encoding="UTF-8"?>
<robot generator="Robot 6.0.2 (Python 3.10.6 on linux)" generated="20230515 13:36:52.970" rpa="false" schemaversion="3">
<suite id="s1" name="Travel" source="/home/plinio/Documentos/IREDE/Estudos/Robot Framework/Teste Estruturado/travel.robot">
<test id="s1-t1" name="TC01 - Reservando passagem de destinos dentro dos EUA na classe econômica" line="154">
<kw name="Given that I access php travels">
<kw name="Open Browser" library="SeleniumLibrary">
<arg>${URL}</arg>
<arg>${Browser}</arg>
<doc>Opens a new browser instance to the optional ``url``.</doc>
<msg timestamp="20230515 13:36:53.038" level="INFO">Opening browser 'chrome' to base url 'https://www.phptravels.net/'.</msg>
<status status="PASS" starttime="20230515 13:36:53.038" endtime="20230515 13:37:20.505"/>
</kw>
<kw name="Maximize Browser Window" library="SeleniumLibrary">
<doc>Maximizes current browser window.</doc>
<status status="PASS" starttime="20230515 13:37:20.505" endtime="20230515 13:37:20.608"/>
</kw>
<status status="PASS" starttime="20230515 13:36:53.038" endtime="20230515 13:37:20.608"/>
</kw>
<kw name="And register">
<kw name="Wait Until Element Is Visible" library="SeleniumLibrary">
<arg>${A_Signup}</arg>
<arg>10</arg>
<doc>Waits until the element ``locator`` is visible.</doc>
<msg timestamp="20230515 13:37:30.809" level="INFO" html="true">&lt;/td&gt;&lt;/tr&gt;&lt;tr&gt;&lt;td colspan="3"&gt;&lt;a href="selenium-screenshot-1.png"&gt;&lt;img src="selenium-screenshot-1.png" width="800px"&gt;&lt;/a&gt;</msg>
<msg timestamp="20230515 13:37:30.809" level="FAIL">Element '//a[@href="https://www.phptravels.net/signup"]' not visible after 10 seconds.</msg>
<status status="FAIL" starttime="20230515 13:37:20.608" endtime="20230515 13:37:30.809"/>
</kw>
<kw name="Click Element" library="SeleniumLibrary">
<arg>${A_Signup}</arg>
<doc>Click the element identified by ``locator``.</doc>
<status status="NOT RUN" starttime="20230515 13:37:30.809" endtime="20230515 13:37:30.809"/>
</kw>
<kw name="Wait Until Element Is Visible" library="SeleniumLibrary">
<arg>${Input_PrimeiroNome}</arg>
<arg>10</arg>
<doc>Waits until the element ``locator`` is visible.</doc>
<status status="NOT RUN" starttime="20230515 13:37:30.809" endtime="20230515 13:37:30.809"/>
</kw>
<kw name="Input Text" library="SeleniumLibrary">
<arg>${Input_PrimeiroNome}</arg>
<arg>${PrimeiroNome}</arg>
<doc>Types the given ``text`` into the text field identified by ``locator``.</doc>
<status status="NOT RUN" starttime="20230515 13:37:30.809" endtime="20230515 13:37:30.809"/>
</kw>
<kw name="Wait Until Element Is Visible" library="SeleniumLibrary">
<arg>${Input_UltimoNome}</arg>
<arg>10</arg>
<doc>Waits until the element ``locator`` is visible.</doc>
<status status="NOT RUN" starttime="20230515 13:37:30.809" endtime="20230515 13:37:30.809"/>
</kw>
<kw name="Input Text" library="SeleniumLibrary">
<arg>${Input_UltimoNome}</arg>
<arg>${UltimoNome}</arg>
<doc>Types the given ``text`` into the text field identified by ``locator``.</doc>
<status status="NOT RUN" starttime="20230515 13:37:30.809" endtime="20230515 13:37:30.809"/>
</kw>
<kw name="Wait Until Element Is Visible" library="SeleniumLibrary">
<arg>${Input_Telefone}</arg>
<arg>10</arg>
<doc>Waits until the element ``locator`` is visible.</doc>
<status status="NOT RUN" starttime="20230515 13:37:30.809" endtime="20230515 13:37:30.810"/>
</kw>
<kw name="Input Text" library="SeleniumLibrary">
<arg>${Input_Telefone}</arg>
<arg>${Telefone}</arg>
<doc>Types the given ``text`` into the text field identified by ``locator``.</doc>
<status status="NOT RUN" starttime="20230515 13:37:30.810" endtime="20230515 13:37:30.810"/>
</kw>
<kw name="Wait Until Element Is Visible" library="SeleniumLibrary">
<arg>${Input_Email}</arg>
<arg>10</arg>
<doc>Waits until the element ``locator`` is visible.</doc>
<status status="NOT RUN" starttime="20230515 13:37:30.810" endtime="20230515 13:37:30.810"/>
</kw>
<kw name="Input Text" library="SeleniumLibrary">
<arg>${Input_Email}</arg>
<arg>${Email}</arg>
<doc>Types the given ``text`` into the text field identified by ``locator``.</doc>
<status status="NOT RUN" starttime="20230515 13:37:30.810" endtime="20230515 13:37:30.810"/>
</kw>
<kw name="Wait Until Element Is Visible" library="SeleniumLibrary">
<arg>${Input_Senha}</arg>
<arg>10</arg>
<doc>Waits until the element ``locator`` is visible.</doc>
<status status="NOT RUN" starttime="20230515 13:37:30.810" endtime="20230515 13:37:30.810"/>
</kw>
<kw name="Input Text" library="SeleniumLibrary">
<arg>${Input_Senha}</arg>
<arg>${Senha}</arg>
<doc>Types the given ``text`` into the text field identified by ``locator``.</doc>
<status status="NOT RUN" starttime="20230515 13:37:30.810" endtime="20230515 13:37:30.810"/>
</kw>
<kw name="Wait Until Element Is Visible" library="SeleniumLibrary">
<arg>${Button_Cookie}</arg>
<arg>10</arg>
<doc>Waits until the element ``locator`` is visible.</doc>
<status status="NOT RUN" starttime="20230515 13:37:30.810" endtime="20230515 13:37:30.810"/>
</kw>
<kw name="Click Element" library="SeleniumLibrary">
<arg>${Button_Cookie}</arg>
<doc>Click the element identified by ``locator``.</doc>
<status status="NOT RUN" starttime="20230515 13:37:30.810" endtime="20230515 13:37:30.810"/>
</kw>
<kw name="Wait Until Element Is Visible" library="SeleniumLibrary">
<arg>${Button_Signup}</arg>
<arg>10</arg>
<doc>Waits until the element ``locator`` is visible.</doc>
<status status="NOT RUN" starttime="20230515 13:37:30.810" endtime="20230515 13:37:30.810"/>
</kw>
<kw name="Sleep" library="BuiltIn">
<arg>2s</arg>
<doc>Pauses the test executed for the given time.</doc>
<status status="NOT RUN" starttime="20230515 13:37:30.810" endtime="20230515 13:37:30.810"/>
</kw>
<kw name="Run Keyword And Ignore Error" library="BuiltIn">
<arg>Click Element</arg>
<arg>${Button_Signup}</arg>
<doc>Runs the given keyword with the given arguments and ignores possible error.</doc>
<status status="NOT RUN" starttime="20230515 13:37:30.810" endtime="20230515 13:37:30.810"/>
</kw>
<kw name="Click Element" library="SeleniumLibrary">
<arg>${Button_Signup}</arg>
<doc>Click the element identified by ``locator``.</doc>
<status status="NOT RUN" starttime="20230515 13:37:30.810" endtime="20230515 13:37:30.810"/>
</kw>
<status status="FAIL" starttime="20230515 13:37:20.608" endtime="20230515 13:37:30.810"/>
</kw>
<kw name="And log in">
<status status="NOT RUN" starttime="20230515 13:37:30.810" endtime="20230515 13:37:30.810"/>
</kw>
<kw name="When I perform a round-trip flight search">
<status status="NOT RUN" starttime="20230515 13:37:30.810" endtime="20230515 13:37:30.810"/>
</kw>
<kw name="and leaving Los Angeles EUA" sourcename="And leaving ${Texto}">
<status status="NOT RUN" starttime="20230515 13:37:30.810" endtime="20230515 13:37:30.810"/>
</kw>
<kw name="And close the browser">
<status status="NOT RUN" starttime="20230515 13:37:30.810" endtime="20230515 13:37:30.810"/>
</kw>
<status status="FAIL" starttime="20230515 13:36:53.037" endtime="20230515 13:37:30.811">Element '//a[@href="https://www.phptravels.net/signup"]' not visible after 10 seconds.</status>
</test>
<test id="s1-t2" name="TC02 - Reservando passagens internacionais na classe econômica" line="171">
<kw name="Given that I access php travels">
<kw name="Open Browser" library="SeleniumLibrary">
<arg>${URL}</arg>
<arg>${Browser}</arg>
<doc>Opens a new browser instance to the optional ``url``.</doc>
<msg timestamp="20230515 13:37:30.811" level="INFO">Opening browser 'chrome' to base url 'https://www.phptravels.net/'.</msg>
<status status="PASS" starttime="20230515 13:37:30.811" endtime="20230515 13:37:44.046"/>
</kw>
<kw name="Maximize Browser Window" library="SeleniumLibrary">
<doc>Maximizes current browser window.</doc>
<status status="PASS" starttime="20230515 13:37:44.046" endtime="20230515 13:37:44.149"/>
</kw>
<status status="PASS" starttime="20230515 13:37:30.811" endtime="20230515 13:37:44.149"/>
</kw>
<kw name="And register">
<kw name="Wait Until Element Is Visible" library="SeleniumLibrary">
<arg>${A_Signup}</arg>
<arg>10</arg>
<doc>Waits until the element ``locator`` is visible.</doc>
<msg timestamp="20230515 13:37:54.511" level="INFO" html="true">&lt;/td&gt;&lt;/tr&gt;&lt;tr&gt;&lt;td colspan="3"&gt;&lt;a href="selenium-screenshot-2.png"&gt;&lt;img src="selenium-screenshot-2.png" width="800px"&gt;&lt;/a&gt;</msg>
<msg timestamp="20230515 13:37:54.511" level="FAIL">Element '//a[@href="https://www.phptravels.net/signup"]' not visible after 10 seconds.</msg>
<status status="FAIL" starttime="20230515 13:37:44.150" endtime="20230515 13:37:54.511"/>
</kw>
<kw name="Click Element" library="SeleniumLibrary">
<arg>${A_Signup}</arg>
<doc>Click the element identified by ``locator``.</doc>
<status status="NOT RUN" starttime="20230515 13:37:54.511" endtime="20230515 13:37:54.511"/>
</kw>
<kw name="Wait Until Element Is Visible" library="SeleniumLibrary">
<arg>${Input_PrimeiroNome}</arg>
<arg>10</arg>
<doc>Waits until the element ``locator`` is visible.</doc>
<status status="NOT RUN" starttime="20230515 13:37:54.511" endtime="20230515 13:37:54.511"/>
</kw>
<kw name="Input Text" library="SeleniumLibrary">
<arg>${Input_PrimeiroNome}</arg>
<arg>${PrimeiroNome}</arg>
<doc>Types the given ``text`` into the text field identified by ``locator``.</doc>
<status status="NOT RUN" starttime="20230515 13:37:54.511" endtime="20230515 13:37:54.511"/>
</kw>
<kw name="Wait Until Element Is Visible" library="SeleniumLibrary">
<arg>${Input_UltimoNome}</arg>
<arg>10</arg>
<doc>Waits until the element ``locator`` is visible.</doc>
<status status="NOT RUN" starttime="20230515 13:37:54.511" endtime="20230515 13:37:54.511"/>
</kw>
<kw name="Input Text" library="SeleniumLibrary">
<arg>${Input_UltimoNome}</arg>
<arg>${UltimoNome}</arg>
<doc>Types the given ``text`` into the text field identified by ``locator``.</doc>
<status status="NOT RUN" starttime="20230515 13:37:54.511" endtime="20230515 13:37:54.511"/>
</kw>
<kw name="Wait Until Element Is Visible" library="SeleniumLibrary">
<arg>${Input_Telefone}</arg>
<arg>10</arg>
<doc>Waits until the element ``locator`` is visible.</doc>
<status status="NOT RUN" starttime="20230515 13:37:54.511" endtime="20230515 13:37:54.511"/>
</kw>
<kw name="Input Text" library="SeleniumLibrary">
<arg>${Input_Telefone}</arg>
<arg>${Telefone}</arg>
<doc>Types the given ``text`` into the text field identified by ``locator``.</doc>
<status status="NOT RUN" starttime="20230515 13:37:54.511" endtime="20230515 13:37:54.512"/>
</kw>
<kw name="Wait Until Element Is Visible" library="SeleniumLibrary">
<arg>${Input_Email}</arg>
<arg>10</arg>
<doc>Waits until the element ``locator`` is visible.</doc>
<status status="NOT RUN" starttime="20230515 13:37:54.512" endtime="20230515 13:37:54.512"/>
</kw>
<kw name="Input Text" library="SeleniumLibrary">
<arg>${Input_Email}</arg>
<arg>${Email}</arg>
<doc>Types the given ``text`` into the text field identified by ``locator``.</doc>
<status status="NOT RUN" starttime="20230515 13:37:54.512" endtime="20230515 13:37:54.512"/>
</kw>
<kw name="Wait Until Element Is Visible" library="SeleniumLibrary">
<arg>${Input_Senha}</arg>
<arg>10</arg>
<doc>Waits until the element ``locator`` is visible.</doc>
<status status="NOT RUN" starttime="20230515 13:37:54.512" endtime="20230515 13:37:54.512"/>
</kw>
<kw name="Input Text" library="SeleniumLibrary">
<arg>${Input_Senha}</arg>
<arg>${Senha}</arg>
<doc>Types the given ``text`` into the text field identified by ``locator``.</doc>
<status status="NOT RUN" starttime="20230515 13:37:54.512" endtime="20230515 13:37:54.512"/>
</kw>
<kw name="Wait Until Element Is Visible" library="SeleniumLibrary">
<arg>${Button_Cookie}</arg>
<arg>10</arg>
<doc>Waits until the element ``locator`` is visible.</doc>
<status status="NOT RUN" starttime="20230515 13:37:54.512" endtime="20230515 13:37:54.512"/>
</kw>
<kw name="Click Element" library="SeleniumLibrary">
<arg>${Button_Cookie}</arg>
<doc>Click the element identified by ``locator``.</doc>
<status status="NOT RUN" starttime="20230515 13:37:54.512" endtime="20230515 13:37:54.512"/>
</kw>
<kw name="Wait Until Element Is Visible" library="SeleniumLibrary">
<arg>${Button_Signup}</arg>
<arg>10</arg>
<doc>Waits until the element ``locator`` is visible.</doc>
<status status="NOT RUN" starttime="20230515 13:37:54.512" endtime="20230515 13:37:54.512"/>
</kw>
<kw name="Sleep" library="BuiltIn">
<arg>2s</arg>
<doc>Pauses the test executed for the given time.</doc>
<status status="NOT RUN" starttime="20230515 13:37:54.512" endtime="20230515 13:37:54.512"/>
</kw>
<kw name="Run Keyword And Ignore Error" library="BuiltIn">
<arg>Click Element</arg>
<arg>${Button_Signup}</arg>
<doc>Runs the given keyword with the given arguments and ignores possible error.</doc>
<status status="NOT RUN" starttime="20230515 13:37:54.512" endtime="20230515 13:37:54.512"/>
</kw>
<kw name="Click Element" library="SeleniumLibrary">
<arg>${Button_Signup}</arg>
<doc>Click the element identified by ``locator``.</doc>
<status status="NOT RUN" starttime="20230515 13:37:54.512" endtime="20230515 13:37:54.512"/>
</kw>
<status status="FAIL" starttime="20230515 13:37:44.150" endtime="20230515 13:37:54.512"/>
</kw>
<kw name="And log in">
<status status="NOT RUN" starttime="20230515 13:37:54.513" endtime="20230515 13:37:54.513"/>
</kw>
<kw name="When I perform a round-trip flight search">
<status status="NOT RUN" starttime="20230515 13:37:54.513" endtime="20230515 13:37:54.513"/>
</kw>
<kw name="and leaving Salvador" sourcename="And leaving ${Texto}">
<status status="NOT RUN" starttime="20230515 13:37:54.513" endtime="20230515 13:37:54.513"/>
</kw>
<kw name="And close the browser">
<status status="NOT RUN" starttime="20230515 13:37:54.513" endtime="20230515 13:37:54.513"/>
</kw>
<status status="FAIL" starttime="20230515 13:37:30.811" endtime="20230515 13:37:54.513">Element '//a[@href="https://www.phptravels.net/signup"]' not visible after 10 seconds.</status>
</test>
<test id="s1-t3" name="TC03 - Solicitar visto Americano" line="189">
<kw name="Given that I access php travels">
<kw name="Open Browser" library="SeleniumLibrary">
<arg>${URL}</arg>
<arg>${Browser}</arg>
<doc>Opens a new browser instance to the optional ``url``.</doc>
<msg timestamp="20230515 13:37:54.514" level="INFO">Opening browser 'chrome' to base url 'https://www.phptravels.net/'.</msg>
<status status="PASS" starttime="20230515 13:37:54.514" endtime="20230515 13:38:00.318"/>
</kw>
<kw name="Maximize Browser Window" library="SeleniumLibrary">
<doc>Maximizes current browser window.</doc>
<msg timestamp="20230515 13:38:00.325" level="WARN">Keyword 'Capture Page Screenshot' could not be run on failure: Message: no such window: target window already closed
from unknown error: web view not found
  (Session info: chrome=113.0.5672.92)
Stacktrace:
#0 0x55d830fc6133 &lt;unknown&gt;
#1 0x55d830cfa966 &lt;unknown&gt;
#2 0x55d830cd4cec &lt;unknown&gt;
#3 0x55d830d5bc0f &lt;unknown&gt;
#4 0x55d830d6ec2b &lt;unknown&gt;
#5 0x55d830d569a3 &lt;unknown&gt;
#6 0x55d830d2b46a &lt;unknown&gt;
#7 0x55d830d2c55e &lt;unknown&gt;
#8 0x55d830f85cae &lt;unknown&gt;
#9 0x55d830f898fe &lt;unknown&gt;
#10 0x55d830f92f20 &lt;unknown&gt;
#11 0x55d830f8a923 &lt;unknown&gt;
#12 0x55d830f5dc0e &lt;unknown&gt;
#13 0x55d830fadb08 &lt;unknown&gt;
#14 0x55d830fadc97 &lt;unknown&gt;
#15 0x55d830fbe113 &lt;unknown&gt;
#16 0x7f3385494b43 &lt;unknown&gt;
</msg>
<msg timestamp="20230515 13:38:00.325" level="FAIL">NoSuchWindowException: Message: no such window: target window already closed
from unknown error: web view not found
  (Session info: chrome=113.0.5672.92)
Stacktrace:
#0 0x55d830fc6133 &lt;unknown&gt;
#1 0x55d830cfa966 &lt;unknown&gt;
#2 0x55d830cd4cec &lt;unknown&gt;
#3 0x55d830d5bc0f &lt;unknown&gt;
#4 0x55d830d6ec2b &lt;unknown&gt;
#5 0x55d830d569a3 &lt;unknown&gt;
#6 0x55d830d2b46a &lt;unknown&gt;
#7 0x55d830d2c55e &lt;unknown&gt;
#8 0x55d830f85cae &lt;unknown&gt;
#9 0x55d830f898fe &lt;unknown&gt;
#10 0x55d830f92f20 &lt;unknown&gt;
#11 0x55d830f8a923 &lt;unknown&gt;
#12 0x55d830f5dc0e &lt;unknown&gt;
#13 0x55d830fadb08 &lt;unknown&gt;
#14 0x55d830fadc97 &lt;unknown&gt;
#15 0x55d830fbe113 &lt;unknown&gt;
#16 0x7f3385494b43 &lt;unknown&gt;
</msg>
<status status="FAIL" starttime="20230515 13:38:00.319" endtime="20230515 13:38:00.326"/>
</kw>
<status status="FAIL" starttime="20230515 13:37:54.514" endtime="20230515 13:38:00.327"/>
</kw>
<kw name="And register">
<status status="NOT RUN" starttime="20230515 13:38:00.327" endtime="20230515 13:38:00.327"/>
</kw>
<kw name="And log in">
<status status="NOT RUN" starttime="20230515 13:38:00.327" endtime="20230515 13:38:00.327"/>
</kw>
<kw name="And access to visa page">
<status status="NOT RUN" starttime="20230515 13:38:00.327" endtime="20230515 13:38:00.327"/>
</kw>
<kw name="And i inform the country of origin being the Brazil" sourcename="And i inform the country of origin being the ${Texto}">
<status status="NOT RUN" starttime="20230515 13:38:00.327" endtime="20230515 13:38:00.327"/>
</kw>
<kw name="And close the browser">
<status status="NOT RUN" starttime="20230515 13:38:00.328" endtime="20230515 13:38:00.328"/>
</kw>
<status status="FAIL" starttime="20230515 13:37:54.513" endtime="20230515 13:38:00.328">NoSuchWindowException: Message: no such window: target window already closed
from unknown error: web view not found
  (Session info: chrome=113.0.5672.92)
Stacktrace:
#0 0x55d830fc6133 &lt;unknown&gt;
#1 0x55d830cfa966 &lt;unknown&gt;
#2 0x55d830cd4cec &lt;unknown&gt;
#3 0x55d830d5bc0f &lt;unknown&gt;
#4 0x55d830d6ec2b &lt;unknown&gt;
#5 0x55d830d569a3 &lt;unknown&gt;
#6 0x55d830d2b46a &lt;unknown&gt;
#7 0x55d830d2c55e &lt;unknown&gt;
#8 0x55d830f85cae &lt;unknown&gt;
#9 0x55d830f898fe &lt;unknown&gt;
#10 0x55d830f92f20 &lt;unknown&gt;
#11 0x55d830f8a923 &lt;unknown&gt;
#12 0x55d830f5dc0e &lt;unknown&gt;
#13 0x55d830fadb08 &lt;unknown&gt;
#14 0x55d830fadc97 &lt;unknown&gt;
#15 0x55d830fbe113 &lt;unknown&gt;
#16 0x7f3385494b43 &lt;unknown&gt;
</status>
</test>
<status status="FAIL" starttime="20230515 13:36:52.970" endtime="20230515 13:38:00.329"/>
</suite>
<statistics>
<total>
<stat pass="0" fail="3" skip="0">All Tests</stat>
</total>
<tag>
</tag>
<suite>
<stat pass="0" fail="3" skip="0" id="s1" name="Travel">Travel</stat>
</suite>
</statistics>
<errors>
<msg timestamp="20230515 13:38:00.325" level="WARN">Keyword 'Capture Page Screenshot' could not be run on failure: Message: no such window: target window already closed
from unknown error: web view not found
  (Session info: chrome=113.0.5672.92)
Stacktrace:
#0 0x55d830fc6133 &lt;unknown&gt;
#1 0x55d830cfa966 &lt;unknown&gt;
#2 0x55d830cd4cec &lt;unknown&gt;
#3 0x55d830d5bc0f &lt;unknown&gt;
#4 0x55d830d6ec2b &lt;unknown&gt;
#5 0x55d830d569a3 &lt;unknown&gt;
#6 0x55d830d2b46a &lt;unknown&gt;
#7 0x55d830d2c55e &lt;unknown&gt;
#8 0x55d830f85cae &lt;unknown&gt;
#9 0x55d830f898fe &lt;unknown&gt;
#10 0x55d830f92f20 &lt;unknown&gt;
#11 0x55d830f8a923 &lt;unknown&gt;
#12 0x55d830f5dc0e &lt;unknown&gt;
#13 0x55d830fadb08 &lt;unknown&gt;
#14 0x55d830fadc97 &lt;unknown&gt;
#15 0x55d830fbe113 &lt;unknown&gt;
#16 0x7f3385494b43 &lt;unknown&gt;
</msg>
</errors>
</robot>
