<?xml version="1.0" encoding="UTF-8"?>
<robot generator="Robot 6.0.2 (Python 3.10.6 on linux)" generated="20230503 12:46:52.844" rpa="false" schemaversion="3">
<suite id="s1" name="Struct" source="/home/plinio/Documentos/IREDE/Estudos/Robot Framework/Formulario/src/struct.robot">
<test id="s1-t1" name="scenario 1: Test fill out form" line="32">
<kw name="open browser and access the website">
<kw name="Open Browser" library="SeleniumLibrary">
<arg>https://itera-qa.azurewebsites.net/home/automation</arg>
<arg>${BROWSER}</arg>
<doc>Opens a new browser instance to the optional ``url``.</doc>
<msg timestamp="20230503 12:46:52.911" level="INFO">Opening browser 'chrome' to base url 'https://itera-qa.azurewebsites.net/home/automation'.</msg>
<status status="PASS" starttime="20230503 12:46:52.911" endtime="20230503 12:46:55.799"/>
</kw>
<status status="PASS" starttime="20230503 12:46:52.911" endtime="20230503 12:46:55.799"/>
</kw>
<kw name="fill in fields">
<kw name="Input Text" library="SeleniumLibrary">
<arg>${input_name}</arg>
<arg>Plinio</arg>
<doc>Types the given ``text`` into the text field identified by ``locator``.</doc>
<msg timestamp="20230503 12:46:55.800" level="INFO">Typing text 'Plinio' into text field 'id:name'.</msg>
<status status="PASS" starttime="20230503 12:46:55.799" endtime="20230503 12:46:55.859"/>
</kw>
<kw name="Input Text" library="SeleniumLibrary">
<arg>${input_phone}</arg>
<arg>988557799</arg>
<doc>Types the given ``text`` into the text field identified by ``locator``.</doc>
<msg timestamp="20230503 12:46:55.860" level="INFO">Typing text '988557799' into text field 'id:phone'.</msg>
<status status="PASS" starttime="20230503 12:46:55.859" endtime="20230503 12:46:55.911"/>
</kw>
<kw name="Input Text" library="SeleniumLibrary">
<arg>${input_email}</arg>
<arg>Plinio@teste.com</arg>
<doc>Types the given ``text`` into the text field identified by ``locator``.</doc>
<msg timestamp="20230503 12:46:55.912" level="INFO">Typing text 'Plinio@teste.com' into text field 'id:email'.</msg>
<status status="PASS" starttime="20230503 12:46:55.912" endtime="20230503 12:46:55.957"/>
</kw>
<kw name="Input Text" library="SeleniumLibrary">
<arg>${input_password}</arg>
<arg>123456</arg>
<doc>Types the given ``text`` into the text field identified by ``locator``.</doc>
<msg timestamp="20230503 12:46:55.957" level="INFO">Typing text '123456' into text field 'id:password'.</msg>
<status status="PASS" starttime="20230503 12:46:55.957" endtime="20230503 12:46:56.003"/>
</kw>
<kw name="Input Text" library="SeleniumLibrary">
<arg>${textarea_address}</arg>
<arg>xxxxxxxxxxxxxxxxxxxxxxxxxxxxx</arg>
<doc>Types the given ``text`` into the text field identified by ``locator``.</doc>
<msg timestamp="20230503 12:46:56.003" level="INFO">Typing text 'xxxxxxxxxxxxxxxxxxxxxxxxxxxxx' into text field 'id:address'.</msg>
<status status="PASS" starttime="20230503 12:46:56.003" endtime="20230503 12:46:56.055"/>
</kw>
<kw name="Input Text" library="SeleniumLibrary">
<arg>${input_name}</arg>
<arg>Plinio</arg>
<doc>Types the given ``text`` into the text field identified by ``locator``.</doc>
<msg timestamp="20230503 12:46:56.055" level="INFO">Typing text 'Plinio' into text field 'id:name'.</msg>
<status status="PASS" starttime="20230503 12:46:56.055" endtime="20230503 12:46:56.091"/>
</kw>
<status status="PASS" starttime="20230503 12:46:55.799" endtime="20230503 12:46:56.091"/>
</kw>
<kw name="click submit">
<kw name="Click Element" library="SeleniumLibrary">
<arg>${button_submit}</arg>
<doc>Click the element identified by ``locator``.</doc>
<msg timestamp="20230503 12:46:56.092" level="INFO">Clicking element 'name:submit'.</msg>
<status status="PASS" starttime="20230503 12:46:56.092" endtime="20230503 12:46:56.116"/>
</kw>
<status status="PASS" starttime="20230503 12:46:56.092" endtime="20230503 12:46:56.116"/>
</kw>
<kw name="close website">
<kw name="Close Browser" library="SeleniumLibrary">
<doc>Closes the current browser.</doc>
<status status="PASS" starttime="20230503 12:46:56.117" endtime="20230503 12:46:56.172"/>
</kw>
<status status="PASS" starttime="20230503 12:46:56.117" endtime="20230503 12:46:56.172"/>
</kw>
<status status="PASS" starttime="20230503 12:46:52.911" endtime="20230503 12:46:56.172"/>
</test>
<status status="PASS" starttime="20230503 12:46:52.844" endtime="20230503 12:46:56.173"/>
</suite>
<statistics>
<total>
<stat pass="1" fail="0" skip="0">All Tests</stat>
</total>
<tag>
</tag>
<suite>
<stat pass="1" fail="0" skip="0" id="s1" name="Struct">Struct</stat>
</suite>
</statistics>
<errors>
</errors>
</robot>
