<?xml version="1.0" encoding="UTF-8"?>
<robot generator="Robot 6.0.2 (Python 3.10.6 on linux)" generated="20230503 11:58:10.932" rpa="false" schemaversion="3">
<suite id="s1" name="Struct" source="/home/plinio/Documentos/IREDE/Estudos/Robot Framework/src/struct.robot">
<test id="s1-t1" name="scenario 1: Test open google website" line="18">
<kw name="open google website">
<kw name="Open Browser" library="SeleniumLibrary">
<arg>https://www.google.com.br/</arg>
<arg>${BROWSER}</arg>
<doc>Opens a new browser instance to the optional ``url``.</doc>
<msg timestamp="20230503 11:58:10.996" level="INFO">Opening browser 'chrome' to base url 'https://www.google.com.br/'.</msg>
<status status="PASS" starttime="20230503 11:58:10.996" endtime="20230503 11:58:13.713"/>
</kw>
<status status="PASS" starttime="20230503 11:58:10.995" endtime="20230503 11:58:13.713"/>
</kw>
<kw name="close website">
<kw name="Close Browser" library="SeleniumLibrary">
<doc>Closes the current browser.</doc>
<status status="PASS" starttime="20230503 11:58:13.714" endtime="20230503 11:58:13.771"/>
</kw>
<status status="PASS" starttime="20230503 11:58:13.713" endtime="20230503 11:58:13.771"/>
</kw>
<status status="PASS" starttime="20230503 11:58:10.995" endtime="20230503 11:58:13.771"/>
</test>
<test id="s1-t2" name="scenario 2: Test open globo website" line="22">
<kw name="open globo website">
<kw name="Open Browser" library="SeleniumLibrary">
<arg>https://g1.globo.com/</arg>
<arg>${BROWSER}</arg>
<doc>Opens a new browser instance to the optional ``url``.</doc>
<msg timestamp="20230503 11:58:13.772" level="INFO">Opening browser 'chrome' to base url 'https://g1.globo.com/'.</msg>
<status status="PASS" starttime="20230503 11:58:13.772" endtime="20230503 11:58:17.080"/>
</kw>
<status status="PASS" starttime="20230503 11:58:13.772" endtime="20230503 11:58:17.080"/>
</kw>
<kw name="Close Browser" library="SeleniumLibrary">
<doc>Closes the current browser.</doc>
<status status="PASS" starttime="20230503 11:58:17.080" endtime="20230503 11:58:17.137"/>
</kw>
<status status="PASS" starttime="20230503 11:58:13.771" endtime="20230503 11:58:17.137"/>
</test>
<status status="PASS" starttime="20230503 11:58:10.932" endtime="20230503 11:58:17.138"/>
</suite>
<statistics>
<total>
<stat pass="2" fail="0" skip="0">All Tests</stat>
</total>
<tag>
</tag>
<suite>
<stat pass="2" fail="0" skip="0" id="s1" name="Struct">Struct</stat>
</suite>
</statistics>
<errors>
</errors>
</robot>
