<?xml version="1.0" encoding="UTF-8"?>
<robot generator="Robot 6.0.2 (Python 3.10.6 on linux)" generated="20230515 13:13:11.353" rpa="false" schemaversion="3">
<suite id="s1" name="TC01" source="/home/plinio/Documentos/IREDE/Estudos/Robot Framework/Teste Estruturado/Tests/Voo/TC01.robot">
<test id="s1-t1" name="TC01 - Reservando passagem de destinos dentro dos EUA na classe econômica" line="6">
<kw name="Given that I access php travels" library="Login_Steps">
<kw name="Open Browser" library="SeleniumLibrary">
<arg>${URL}</arg>
<arg>${Browser}</arg>
<doc>Opens a new browser instance to the optional ``url``.</doc>
<msg timestamp="20230515 13:13:11.420" level="INFO">Opening browser 'Chrome' to base url 'https://www.phptravels.net/'.</msg>
<status status="PASS" starttime="20230515 13:13:11.419" endtime="20230515 13:14:20.257"/>
</kw>
<kw name="Maximize Browser Window" library="SeleniumLibrary">
<doc>Maximizes current browser window.</doc>
<status status="PASS" starttime="20230515 13:14:20.257" endtime="20230515 13:14:20.361"/>
</kw>
<status status="PASS" starttime="20230515 13:13:11.419" endtime="20230515 13:14:20.361"/>
</kw>
<kw name="And register" library="Login_Steps">
<kw name="Wait Until Element Is Visible" library="SeleniumLibrary">
<arg>${Home.A_Signup}</arg>
<arg>10</arg>
<doc>Waits until the element ``locator`` is visible.</doc>
<msg timestamp="20230515 13:14:30.508" level="INFO" html="true">&lt;/td&gt;&lt;/tr&gt;&lt;tr&gt;&lt;td colspan="3"&gt;&lt;a href="selenium-screenshot-1.png"&gt;&lt;img src="selenium-screenshot-1.png" width="800px"&gt;&lt;/a&gt;</msg>
<msg timestamp="20230515 13:14:30.508" level="FAIL">Element '//a[@href="https://www.phptravels.net/signup"]' not visible after 10 seconds.</msg>
<status status="FAIL" starttime="20230515 13:14:20.362" endtime="20230515 13:14:30.510"/>
</kw>
<kw name="Click Element" library="SeleniumLibrary">
<arg>${Home.A_Signup}</arg>
<doc>Click the element identified by ``locator``.</doc>
<status status="NOT RUN" starttime="20230515 13:14:30.510" endtime="20230515 13:14:30.510"/>
</kw>
<kw name="Wait Until Element Is Visible" library="SeleniumLibrary">
<arg>${Login.Input_PrimeiroNome}</arg>
<arg>10</arg>
<doc>Waits until the element ``locator`` is visible.</doc>
<status status="NOT RUN" starttime="20230515 13:14:30.510" endtime="20230515 13:14:30.510"/>
</kw>
<kw name="Input Text" library="SeleniumLibrary">
<arg>${Login.Input_PrimeiroNome}</arg>
<arg>${PrimeiroNome}</arg>
<doc>Types the given ``text`` into the text field identified by ``locator``.</doc>
<status status="NOT RUN" starttime="20230515 13:14:30.510" endtime="20230515 13:14:30.510"/>
</kw>
<kw name="Wait Until Element Is Visible" library="SeleniumLibrary">
<arg>${Login.Input_UltimoNome}</arg>
<arg>10</arg>
<doc>Waits until the element ``locator`` is visible.</doc>
<status status="NOT RUN" starttime="20230515 13:14:30.510" endtime="20230515 13:14:30.510"/>
</kw>
<kw name="Input Text" library="SeleniumLibrary">
<arg>${Login.Input_UltimoNome}</arg>
<arg>${UltimoNome}</arg>
<doc>Types the given ``text`` into the text field identified by ``locator``.</doc>
<status status="NOT RUN" starttime="20230515 13:14:30.510" endtime="20230515 13:14:30.510"/>
</kw>
<kw name="Wait Until Element Is Visible" library="SeleniumLibrary">
<arg>${Login.Input_Telefone}</arg>
<arg>10</arg>
<doc>Waits until the element ``locator`` is visible.</doc>
<status status="NOT RUN" starttime="20230515 13:14:30.510" endtime="20230515 13:14:30.510"/>
</kw>
<kw name="Input Text" library="SeleniumLibrary">
<arg>${Login.Input_Telefone}</arg>
<arg>${Telefone}</arg>
<doc>Types the given ``text`` into the text field identified by ``locator``.</doc>
<status status="NOT RUN" starttime="20230515 13:14:30.510" endtime="20230515 13:14:30.510"/>
</kw>
<kw name="Wait Until Element Is Visible" library="SeleniumLibrary">
<arg>${Login.Input_Email}</arg>
<arg>10</arg>
<doc>Waits until the element ``locator`` is visible.</doc>
<status status="NOT RUN" starttime="20230515 13:14:30.510" endtime="20230515 13:14:30.510"/>
</kw>
<kw name="Input Text" library="SeleniumLibrary">
<arg>${Login.Input_Email}</arg>
<arg>${Email}</arg>
<doc>Types the given ``text`` into the text field identified by ``locator``.</doc>
<status status="NOT RUN" starttime="20230515 13:14:30.510" endtime="20230515 13:14:30.510"/>
</kw>
<kw name="Wait Until Element Is Visible" library="SeleniumLibrary">
<arg>${Login.Input_Senha}</arg>
<arg>10</arg>
<doc>Waits until the element ``locator`` is visible.</doc>
<status status="NOT RUN" starttime="20230515 13:14:30.510" endtime="20230515 13:14:30.510"/>
</kw>
<kw name="Input Text" library="SeleniumLibrary">
<arg>${Login.Input_Senha}</arg>
<arg>${Senha}</arg>
<doc>Types the given ``text`` into the text field identified by ``locator``.</doc>
<status status="NOT RUN" starttime="20230515 13:14:30.510" endtime="20230515 13:14:30.510"/>
</kw>
<kw name="Wait Until Element Is Visible" library="SeleniumLibrary">
<arg>${Login.Button_Cookie}</arg>
<arg>10</arg>
<doc>Waits until the element ``locator`` is visible.</doc>
<status status="NOT RUN" starttime="20230515 13:14:30.510" endtime="20230515 13:14:30.510"/>
</kw>
<kw name="Click Element" library="SeleniumLibrary">
<arg>${Login.Button_Cookie}</arg>
<doc>Click the element identified by ``locator``.</doc>
<status status="NOT RUN" starttime="20230515 13:14:30.510" endtime="20230515 13:14:30.510"/>
</kw>
<kw name="Wait Until Element Is Visible" library="SeleniumLibrary">
<arg>${Login.Button_Signup}</arg>
<arg>10</arg>
<doc>Waits until the element ``locator`` is visible.</doc>
<status status="NOT RUN" starttime="20230515 13:14:30.510" endtime="20230515 13:14:30.510"/>
</kw>
<kw name="Sleep" library="BuiltIn">
<arg>2s</arg>
<doc>Pauses the test executed for the given time.</doc>
<status status="NOT RUN" starttime="20230515 13:14:30.510" endtime="20230515 13:14:30.510"/>
</kw>
<kw name="Run Keyword And Ignore Error" library="BuiltIn">
<arg>Click Element</arg>
<arg>${Login.Button_Signup}</arg>
<doc>Runs the given keyword with the given arguments and ignores possible error.</doc>
<status status="NOT RUN" starttime="20230515 13:14:30.510" endtime="20230515 13:14:30.510"/>
</kw>
<kw name="Click Element" library="SeleniumLibrary">
<arg>${Login.Button_Signup}</arg>
<doc>Click the element identified by ``locator``.</doc>
<status status="NOT RUN" starttime="20230515 13:14:30.510" endtime="20230515 13:14:30.510"/>
</kw>
<status status="FAIL" starttime="20230515 13:14:20.361" endtime="20230515 13:14:30.510"/>
</kw>
<kw name="And log in" library="Login_Steps">
<status status="NOT RUN" starttime="20230515 13:14:30.511" endtime="20230515 13:14:30.511"/>
</kw>
<kw name="When I perform a round-trip flight search" library="Voo_Steps">
<status status="NOT RUN" starttime="20230515 13:14:30.511" endtime="20230515 13:14:30.511"/>
</kw>
<kw name="and leaving Los Angeles EUA" library="Voo_Steps" sourcename="And leaving ${Texto}">
<status status="NOT RUN" starttime="20230515 13:14:30.511" endtime="20230515 13:14:30.511"/>
</kw>
<kw name="And close the browser" library="Login_Steps">
<status status="NOT RUN" starttime="20230515 13:14:30.511" endtime="20230515 13:14:30.511"/>
</kw>
<status status="FAIL" starttime="20230515 13:13:11.419" endtime="20230515 13:14:30.511">Element '//a[@href="https://www.phptravels.net/signup"]' not visible after 10 seconds.</status>
</test>
<status status="FAIL" starttime="20230515 13:13:11.353" endtime="20230515 13:14:30.511"/>
</suite>
<statistics>
<total>
<stat pass="0" fail="1" skip="0">All Tests</stat>
</total>
<tag>
</tag>
<suite>
<stat pass="0" fail="1" skip="0" id="s1" name="TC01">TC01</stat>
</suite>
</statistics>
<errors>
</errors>
</robot>
