<?xml version="1.0" encoding="UTF-8"?>
<robot generator="Robot 6.0.2 (Python 3.10.6 on linux)" generated="20230515 13:08:15.762" rpa="false" schemaversion="3">
<suite id="s1" name="Test" source="/home/plinio/Documentos/IREDE/Estudos/Robot Framework/Test/test.robot">
<test id="s1-t1" name="scenario 1: Test open google website" line="18">
<kw name="open google website">
<kw name="Open Browser" library="SeleniumLibrary">
<arg>https://www.google.com.br/</arg>
<arg>${BROWSER}</arg>
<doc>Opens a new browser instance to the optional ``url``.</doc>
<msg timestamp="20230515 13:08:15.827" level="INFO">Opening browser 'chrome' to base url 'https://www.google.com.br/'.</msg>
<status status="PASS" starttime="20230515 13:08:15.827" endtime="20230515 13:09:08.868"/>
</kw>
<status status="PASS" starttime="20230515 13:08:15.827" endtime="20230515 13:09:08.868"/>
</kw>
<kw name="close website">
<kw name="Close Browser" library="SeleniumLibrary">
<doc>Closes the current browser.</doc>
<status status="PASS" starttime="20230515 13:09:08.868" endtime="20230515 13:09:08.927"/>
</kw>
<status status="PASS" starttime="20230515 13:09:08.868" endtime="20230515 13:09:08.927"/>
</kw>
<status status="PASS" starttime="20230515 13:08:15.826" endtime="20230515 13:09:08.928"/>
</test>
<test id="s1-t2" name="scenario 2: Test open globo website" line="22">
<kw name="open globo website">
<kw name="Open Browser" library="SeleniumLibrary">
<arg>https://g1.globo.com/</arg>
<arg>${BROWSER}</arg>
<doc>Opens a new browser instance to the optional ``url``.</doc>
<msg timestamp="20230515 13:09:08.929" level="INFO">Opening browser 'chrome' to base url 'https://g1.globo.com/'.</msg>
<status status="PASS" starttime="20230515 13:09:08.929" endtime="20230515 13:09:22.000"/>
</kw>
<status status="PASS" starttime="20230515 13:09:08.928" endtime="20230515 13:09:22.000"/>
</kw>
<kw name="Close Browser" library="SeleniumLibrary">
<doc>Closes the current browser.</doc>
<status status="PASS" starttime="20230515 13:09:22.000" endtime="20230515 13:09:22.059"/>
</kw>
<status status="PASS" starttime="20230515 13:09:08.928" endtime="20230515 13:09:22.059"/>
</test>
<status status="PASS" starttime="20230515 13:08:15.763" endtime="20230515 13:09:22.060"/>
</suite>
<statistics>
<total>
<stat pass="2" fail="0" skip="0">All Tests</stat>
</total>
<tag>
</tag>
<suite>
<stat pass="2" fail="0" skip="0" id="s1" name="Test">Test</stat>
</suite>
</statistics>
<errors>
</errors>
</robot>
