<?xml version="1.0" encoding="UTF-8"?>
<robot generator="Robot 6.0.2 (Python 3.10.6 on linux)" generated="20230503 11:07:48.224" rpa="false" schemaversion="3">
<suite id="s1" name="Test" source="/home/plinio/Documentos/IREDE/Estudos/Robot Framework/test.robot">
<test id="s1-t1" name="Scenario 1: Accessing the Robot website" line="12">
<kw name="Open website">
<kw name="Open Browser" library="SeleniumLibrary">
<arg>https://robotframework.org/</arg>
<arg>chrome</arg>
<doc>Opens a new browser instance to the optional ``url``.</doc>
<msg timestamp="20230503 11:07:48.289" level="INFO">Opening browser 'chrome' to base url 'https://robotframework.org/'.</msg>
<status status="PASS" starttime="20230503 11:07:48.289" endtime="20230503 11:07:53.152"/>
</kw>
<status status="PASS" starttime="20230503 11:07:48.288" endtime="20230503 11:07:53.152"/>
</kw>
<status status="PASS" starttime="20230503 11:07:48.288" endtime="20230503 11:07:53.152"/>
</test>
<status status="PASS" starttime="20230503 11:07:48.225" endtime="20230503 11:07:53.152"/>
</suite>
<statistics>
<total>
<stat pass="1" fail="0" skip="0">All Tests</stat>
</total>
<tag>
</tag>
<suite>
<stat pass="1" fail="0" skip="0" id="s1" name="Test">Test</stat>
</suite>
</statistics>
<errors>
</errors>
</robot>
